<html>
<body>
<pre>
<h1>µVision Build Log</h1>
<h2>Project:</h2>
C:\Users\iONiZE\Interface\Project\assignment\RVMDK\Project.uvproj
Project File Date:  02/28/2014

<h2>Output:</h2>
Build target 'CE51-Com-Interface-Assignment'
compiling main.c...
linking...
Program Size: Code=7160 RO-data=5220 RW-data=156 ZI-data=4220  
FromELF: creating hex file...
".\Obj\CE51-Com-Interface-Assignment.axf" - 0 Error(s), 0 Warning(s).
tsUART2("wrong input");
..\main.c(377): error:  #167: argument of type "char *" is incompatible with parameter of type "unsigned int *"
                                                                putsUART2("wrong input");
..\main.c: 0 warnings, 2 errors
".\Obj\CE51-Com-Interface-Assignment.axf" - 2 Error(s), 0 Warning(s).
Target not created
RT2("set minute");
..\main.c(284): error:  #167: argument of type "char *" is incompatible with parameter of type "unsigned int *"
                                                putsUART2("set hour");
..\main.c(299): error:  #167: argument of type "char *" is incompatible with parameter of type "unsigned int *"
                                                                putsUART2("wrong input");
..\main.c(329): error:  #167: argument of type "char *" is incompatible with parameter of type "unsigned int *"
                                                                putsUART2("wrong input");
..\main.c(344): error:  #167: argument of type "char *" is incompatible with parameter of type "unsigned int *"
                                                                putsUART2("wrong input");
..\main.c(361): error:  #167: argument of type "char *" is incompatible with parameter of type "unsigned int *"
                                                                putsUART2("wrong input");
..\main.c(376): error:  #167: argument of type "char *" is incompatible with parameter of type "unsigned int *"
                                                                putsUART2("wrong input");
..\main.c: 0 warnings, 9 errors
".\Obj\CE51-Com-Interface-Assignment.axf" - 9 Error(s), 0 Warning(s).
Target not created
